<?xml version="1.0" encoding="UTF-8"?>
<testng-results skipped="0" failed="0" total="1" passed="1">
  <reporter-output>
  </reporter-output>
  <suite name="Default suite" duration-ms="12295" started-at="2019-05-19T15:37:14Z" finished-at="2019-05-19T15:37:26Z">
    <groups>
    </groups>
    <test name="Default test" duration-ms="12295" started-at="2019-05-19T15:37:14Z" finished-at="2019-05-19T15:37:26Z">
      <class name="test.MacysHome">
        <test-method status="PASS" signature="OpenBrowser()[pri:0, instance:test.MacysHome@5a01ccaa]" name="OpenBrowser" is-config="true" duration-ms="11580" started-at="2019-05-19T11:37:14Z" finished-at="2019-05-19T11:37:26Z">
          <reporter-output>
          </reporter-output>
        </test-method> <!-- OpenBrowser -->
        <test-method status="PASS" signature="SearchBox()[pri:0, instance:test.MacysHome@5a01ccaa]" name="SearchBox" duration-ms="701" started-at="2019-05-19T11:37:26Z" finished-at="2019-05-19T11:37:26Z">
          <reporter-output>
          </reporter-output>
        </test-method> <!-- SearchBox -->
        <test-method status="PASS" signature="CloseBrowser()[pri:0, instance:test.MacysHome@5a01ccaa]" name="CloseBrowser" is-config="true" duration-ms="0" started-at="2019-05-19T11:37:26Z" finished-at="2019-05-19T11:37:26Z">
          <reporter-output>
          </reporter-output>
        </test-method> <!-- CloseBrowser -->
      </class> <!-- test.MacysHome -->
    </test> <!-- Default test -->
  </suite> <!-- Default suite -->
</testng-results>
